\BOOKMARK [0][-]{chapter.1}{\376\377\000I\000n\000t\000r\000o\000d\000u\000c\000c\000i\000\363\000n}{}% 1
\BOOKMARK [1][-]{section.1.1}{\376\377\000R\000e\000s\000u\000m\000e\000n\000\040\000E\000j\000e\000c\000u\000t\000i\000v\000o}{chapter.1}% 2
\BOOKMARK [0][-]{chapter.2}{\376\377\000M\000i\000s\000i\000o\000n\000e\000s\000\040\000s\000e\000m\000e\000j\000a\000n\000t\000e\000s}{}% 3
\BOOKMARK [1][-]{section.2.1}{\376\377\000O\000C\000O\000-\0002\000\040\000\050\000O\000r\000b\000i\000t\000i\000n\000g\000\040\000C\000a\000r\000b\000o\000n\000\040\000O\000b\000s\000e\000r\000v\000a\000t\000o\000r\000y\000\051}{chapter.2}% 4
\BOOKMARK [1][-]{section.2.2}{\376\377\000G\000O\000S\000A\000T\000\040\000/\000\040\000G\000O\000S\000A\000T\000-\0002\000\040\000\050\000G\000r\000e\000e\000n\000h\000o\000u\000s\000e\000\040\000G\000a\000s\000e\000s\000\040\000O\000b\000s\000e\000r\000v\000i\000n\000g\000\040\000S\000a\000t\000e\000l\000l\000i\000t\000e\000\051}{chapter.2}% 5
\BOOKMARK [1][-]{section.2.3}{\376\377\000C\000O\0002\000M\000\040\000\050\000C\000a\000r\000b\000o\000n\000\040\000D\000i\000o\000x\000i\000d\000e\000\040\000M\000o\000n\000i\000t\000o\000r\000i\000n\000g\000\040\000M\000i\000s\000s\000i\000o\000n\000\051}{chapter.2}% 6
\BOOKMARK [1][-]{section.2.4}{\376\377\000T\000a\000n\000S\000a\000t\000\040\000\050\000C\000h\000i\000n\000e\000s\000e\000\040\000C\000a\000r\000b\000o\000n\000\040\000D\000i\000o\000x\000i\000d\000e\000\040\000O\000b\000s\000e\000r\000v\000a\000t\000i\000o\000n\000\040\000S\000a\000t\000e\000l\000l\000i\000t\000e\000\051}{chapter.2}% 7
\BOOKMARK [1][-]{section.2.5}{\376\377\000M\000i\000c\000r\000o\000C\000a\000r\000b\000\040\000\050\000M\000i\000c\000r\000o\000s\000a\000t\000e\000l\000l\000i\000t\000e\000\040\000f\000o\000r\000\040\000C\000a\000r\000b\000o\000n\000\040\000O\000b\000s\000e\000r\000v\000a\000t\000i\000o\000n\000\051}{chapter.2}% 8
\BOOKMARK [1][-]{section.2.6}{\376\377\000G\000H\000G\000S\000a\000t}{chapter.2}% 9
\BOOKMARK [1][-]{section.2.7}{\376\377\000H\000a\000l\000l\000a\000z\000g\000o\000s\000\040\000c\000l\000a\000v\000e}{chapter.2}% 10
\BOOKMARK [0][-]{chapter.3}{\376\377\000C\000o\000n\000c\000e\000p\000t\000o\000s\000\040\000P\000r\000e\000v\000i\000o\000s}{}% 11
\BOOKMARK [1][-]{section.3.1}{\376\377\000C\000a\000l\000i\000d\000a\000d\000\040\000d\000e\000\040\000I\000m\000a\000g\000e\000n}{chapter.3}% 12
\BOOKMARK [2][-]{subsection.3.1.1}{\376\377\000A\000l\000i\000a\000s\000i\000n\000g}{section.3.1}% 13
\BOOKMARK [2][-]{subsection.3.1.2}{\376\377\000G\000r\000o\000u\000n\000d\000\040\000S\000a\000m\000p\000l\000i\000n\000g\000\040\000D\000i\000s\000t\000a\000n\000c\000e\000\040\000\050\000G\000S\000D\000\051}{section.3.1}% 14
\BOOKMARK [2][-]{subsection.3.1.3}{\376\377\000F\000r\000e\000c\000u\000e\000n\000c\000i\000a\000\040\000d\000e\000\040\000N\000y\000q\000u\000i\000s\000t\000\050\000f\000N\000y\000\051}{section.3.1}% 15
\BOOKMARK [2][-]{subsection.3.1.4}{\376\377\000M\000o\000d\000u\000l\000a\000t\000i\000o\000n\000\040\000T\000r\000a\000n\000s\000f\000e\000r\000\040\000F\000u\000n\000c\000t\000i\000o\000n\000\040\000\050\000M\000T\000F\000\051}{section.3.1}% 16
\BOOKMARK [2][-]{subsection.3.1.5}{\376\377\000S\000i\000g\000n\000a\000l\000\040\000T\000o\000\040\000N\000o\000i\000s\000e\000\040\000R\000a\000t\000i\000o\000\040\000\050\000S\000N\000R\000\051}{section.3.1}% 17
\BOOKMARK [2][-]{subsection.3.1.6}{\376\377\000F\000i\000e\000l\000d\000\040\000o\000f\000\040\000V\000i\000e\000w\000\040\000\050\000F\000o\000V\000\051\000.\000\040\000S\000w\000a\000t\000h}{section.3.1}% 18
\BOOKMARK [1][-]{section.3.2}{\376\377\000E\000s\000p\000e\000c\000t\000r\000o\000\040\000e\000l\000e\000c\000t\000r\000o\000m\000a\000g\000n\000\351\000t\000i\000c\000o\000.\000\040\000B\000a\000n\000d\000a\000s\000\040\000d\000e\000\040\000a\000b\000s\000o\000r\000c\000i\000\363\000n}{chapter.3}% 19
\BOOKMARK [1][-]{section.3.3}{\376\377\000D\000e\000t\000e\000c\000t\000o\000r\000e\000s}{chapter.3}% 20
\BOOKMARK [2][-]{subsection.3.3.1}{\376\377\000T\000i\000p\000o\000s\000\040\000d\000e\000\040\000d\000e\000t\000e\000c\000t\000o\000r\000e\000s}{section.3.3}% 21
\BOOKMARK [2][-]{subsection.3.3.2}{\376\377\000T\000i\000m\000e\000\040\000D\000e\000l\000a\000y\000\040\000a\000n\000d\000\040\000I\000n\000t\000e\000g\000r\000a\000t\000i\000o\000n\000\040\000\050\000T\000D\000I\000\051}{section.3.3}% 22
\BOOKMARK [2][-]{subsection.3.3.3}{\376\377\000E\000s\000t\000r\000a\000t\000e\000g\000i\000a\000s\000\040\000d\000e\000\040\000E\000s\000c\000a\000n\000e\000o\000\040\000e\000n\000\040\000S\000i\000s\000t\000e\000m\000a\000s\000\040\000d\000e\000\040\000O\000b\000s\000e\000r\000v\000a\000c\000i\000\363\000n\000\040\000S\000a\000t\000e\000l\000i\000t\000a\000l}{section.3.3}% 23
\BOOKMARK [2][-]{subsection.3.3.4}{\376\377\000D\000i\000s\000p\000o\000s\000i\000c\000i\000\363\000n\000\040\000d\000e\000\040\000d\000e\000t\000e\000c\000t\000o\000r\000e\000s}{section.3.3}% 24
\BOOKMARK [1][-]{section.3.4}{\376\377\000\323\000p\000t\000i\000c\000a\000.\000\040\000T\000e\000l\000e\000s\000c\000o\000p\000i\000o\000s}{chapter.3}% 25
\BOOKMARK [2][-]{subsection.3.4.1}{\376\377\000P\000a\000r\000\341\000m\000e\000t\000r\000o\000s\000\040\000\363\000p\000t\000i\000c\000o\000s\000\040\000r\000e\000l\000e\000v\000a\000n\000t\000e\000s}{section.3.4}% 26
\BOOKMARK [2][-]{subsection.3.4.2}{\376\377\000T\000i\000p\000o\000s\000\040\000d\000e\000\040\000t\000e\000l\000e\000s\000c\000o\000p\000i\000o}{section.3.4}% 27
\BOOKMARK [2][-]{subsection.3.4.3}{\376\377\000F\000i\000l\000t\000r\000o\000s}{section.3.4}% 28
\BOOKMARK [1][-]{section.3.5}{\376\377\000P\000a\000r\000\341\000m\000e\000t\000r\000o\000s\000\040\000O\000r\000b\000i\000t\000a\000l\000e\000s}{chapter.3}% 29
\BOOKMARK [2][-]{subsection.3.5.1}{\376\377\000I\000n\000c\000l\000i\000n\000a\000c\000i\000\363\000n\000\040\000\050\000i\000\051}{section.3.5}% 30
\BOOKMARK [2][-]{subsection.3.5.2}{\376\377\000L\000o\000n\000g\000i\000t\000u\000d\000\040\000d\000e\000l\000\040\000N\000o\000d\000o\000\040\000A\000s\000c\000e\000n\000d\000e\000n\000t\000e\000\040\000\050\000\051}{section.3.5}% 31
\BOOKMARK [2][-]{subsection.3.5.3}{\376\377\000H\000o\000r\000a\000\040\000d\000e\000\040\000p\000a\000s\000o\000\040\000l\000o\000c\000a\000l\000\040\000\050\000L\000T\000A\000N\000\051}{section.3.5}% 32
\BOOKMARK [2][-]{subsection.3.5.4}{\376\377\000A\000r\000g\000u\000m\000e\000n\000t\000o\000\040\000d\000e\000l\000\040\000P\000e\000r\000i\000g\000e\000o\000\040\000\050\000\051}{section.3.5}% 33
\BOOKMARK [2][-]{subsection.3.5.5}{\376\377\000A\000n\000o\000m\000a\000l\000\355\000a\000\040\000V\000e\000r\000d\000a\000d\000e\000r\000a\000\040\000\050\000\051}{section.3.5}% 34
\BOOKMARK [1][-]{section.3.6}{\376\377\000P\000e\000r\000t\000u\000r\000b\000a\000c\000i\000o\000n\000e\000s\000\040\000d\000e\000\040\000l\000a\000\040\000\363\000r\000b\000i\000t\000a}{chapter.3}% 35
\BOOKMARK [2][-]{subsection.3.6.1}{\376\377\000A\000c\000h\000a\000t\000a\000m\000i\000e\000n\000t\000o\000\040\000T\000e\000r\000r\000e\000s\000t\000r\000e}{section.3.6}% 36
\BOOKMARK [2][-]{subsection.3.6.2}{\376\377\000D\000e\000c\000a\000i\000m\000i\000e\000n\000t\000o\000\040\000O\000r\000b\000i\000t\000a\000l}{section.3.6}% 37
\BOOKMARK [2][-]{subsection.3.6.3}{\376\377\000R\000a\000d\000i\000a\000c\000i\000\363\000n\000\040\000S\000o\000l\000a\000r}{section.3.6}% 38
\BOOKMARK [2][-]{subsection.3.6.4}{\376\377\000P\000r\000o\000b\000l\000e\000m\000a\000\040\000d\000e\000l\000\040\000t\000e\000r\000c\000e\000r\000\040\000c\000u\000e\000r\000p\000o}{section.3.6}% 39
\BOOKMARK [2][-]{subsection.3.6.5}{\376\377\000\323\000r\000b\000i\000t\000a\000s\000\040\000d\000e\000\040\000e\000s\000p\000e\000c\000i\000a\000l\000\040\000i\000n\000t\000e\000r\000\351\000s}{section.3.6}% 40
\BOOKMARK [2][-]{subsection.3.6.6}{\376\377\000C\000o\000n\000s\000i\000d\000e\000r\000a\000c\000i\000\363\000n\000\040\000d\000e\000\040\000l\000a\000s\000\040\000p\000e\000r\000t\000u\000r\000b\000a\000c\000i\000o\000n\000e\000s\000\040\000o\000r\000b\000i\000t\000a\000l\000e\000s}{section.3.6}% 41
\BOOKMARK [0][-]{chapter.4}{\376\377\000D\000e\000f\000i\000n\000i\000c\000i\000\363\000n\000\040\000d\000e\000l\000\040\000i\000n\000s\000t\000r\000u\000m\000e\000n\000t\000o}{}% 42
\BOOKMARK [1][-]{section.4.1}{\376\377\000G\000S\000D}{chapter.4}% 43
\BOOKMARK [1][-]{section.4.2}{\376\377\000B\000a\000n\000d\000a\000s\000\040\000e\000s\000p\000e\000c\000t\000r\000a\000l\000e\000s\000.\000\040\000A\000n\000c\000h\000o\000\040\000d\000e\000\040\000b\000a\000n\000d\000a}{chapter.4}% 44
\BOOKMARK [1][-]{section.4.3}{\376\377\000D\000e\000t\000e\000c\000t\000o\000r\000e\000s\000,\000\040\000f\000i\000l\000t\000r\000o\000s\000\040\000y\000\040\000e\000s\000c\000a\000n\000e\000o}{chapter.4}% 45
\BOOKMARK [2][-]{subsection.4.3.1}{\376\377\000E\000l\000e\000c\000c\000i\000\363\000n\000\040\000d\000e\000\040\000d\000e\000t\000e\000c\000t\000o\000r\000e\000s}{section.4.3}% 46
\BOOKMARK [2][-]{subsection.4.3.2}{\376\377\000M\000\351\000t\000o\000d\000o\000\040\000d\000e\000\040\000e\000s\000c\000a\000n\000e\000o}{section.4.3}% 47
\BOOKMARK [2][-]{subsection.4.3.3}{\376\377\000E\000l\000e\000c\000c\000i\000o\000n\000\040\000d\000e\000\040\000f\000i\000l\000t\000r\000o\000s}{section.4.3}% 48
\BOOKMARK [1][-]{section.4.4}{\376\377\000T\000i\000p\000o\000\040\000d\000e\000\040\000\363\000r\000b\000i\000t\000a\000.\000\040\000A\000l\000t\000u\000r\000a\000\040\000o\000r\000b\000i\000t\000a\000l\000.\000\040\000H\000o\000r\000a\000\040\000d\000e\000\040\000p\000a\000s\000o\000\040\000l\000o\000c\000a\000l}{chapter.4}% 49
\BOOKMARK [1][-]{section.4.5}{\376\377\000C\000\341\000l\000c\000u\000l\000o\000\040\000d\000e\000\040\000l\000a\000\040\000M\000T\000F}{chapter.4}% 50
\BOOKMARK [1][-]{section.4.6}{\376\377\000C\000\341\000l\000c\000u\000l\000o\000\040\000d\000e\000\040\000l\000a\000\040\000S\000N\000R}{chapter.4}% 51
\BOOKMARK [1][-]{section.4.7}{\376\377\000C\000o\000b\000e\000r\000t\000u\000r\000a\000\040\000d\000e\000\040\000l\000a\000\040\000r\000e\000g\000i\000\363\000n\000\040\000d\000e\000\040\000i\000n\000t\000e\000r\000\351\000s\000:\000\040\000S\000w\000a\000t\000h\000,\000\040\000F\000o\000V\000\040\000y\000\040\000t\000i\000e\000m\000p\000o\000\040\000d\000e\000\040\000r\000e\000v\000i\000s\000i\000t\000a}{chapter.4}% 52
\BOOKMARK [1][-]{section.4.8}{\376\377\000P\000o\000s\000i\000b\000l\000e\000s\000\040\000s\000o\000l\000u\000c\000i\000o\000n\000e\000s\000.\000\040\000C\000r\000u\000c\000e\000\040\000d\000e\000\040\000l\000o\000s\000\040\000d\000a\000t\000o\000s}{chapter.4}% 53
\BOOKMARK [0][-]{chapter.5}{\376\377\000D\000e\000t\000e\000r\000m\000i\000n\000a\000c\000i\000\363\000n\000\040\000d\000e\000\040\000l\000a\000\040\000s\000o\000l\000u\000c\000i\000\363\000n\000\040\000\363\000p\000t\000i\000m\000a}{}% 54
\BOOKMARK [1][-]{section.5.1}{\376\377\000E\000s\000t\000i\000m\000a\000c\000i\000\363\000n\000\040\000d\000e\000\040\000l\000a\000\040\000m\000a\000s\000a\000\040\000s\000e\000c\000a\000\040}{chapter.5}% 55
\BOOKMARK [1][-]{section.5.2}{\376\377\000I\000m\000p\000u\000l\000s\000o\000s\000,\000\040\000V\000\040\000y\000\040\000m\000a\000s\000a\000\040\000d\000e\000\040\000c\000o\000m\000b\000u\000s\000t\000i\000b\000l\000e\000.\000\040\000F\000i\000n\000\040\000d\000e\000\040\000m\000i\000s\000i\000\363\000n\000.\000\040}{chapter.5}% 56
\BOOKMARK [2][-]{subsection.5.2.1}{\376\377\000M\000o\000d\000e\000l\000a\000d\000o\000\040\000A\000r\000r\000a\000s\000t\000r\000e\000\040\000a\000t\000m\000o\000s\000f\000\351\000r\000i\000c\000o}{section.5.2}% 57
\BOOKMARK [2][-]{subsection.5.2.2}{\376\377\000C\000\341\000l\000c\000u\000l\000o\000\040\000d\000e\000l\000\040\000D\000e\000l\000t\000a\000-\000V\000,\000\040\000n\000\372\000m\000e\000r\000o\000\040\000d\000e\000\040\000i\000m\000p\000u\000l\000s\000o\000s\000\040\000y\000\040\000m\000a\000s\000a\000\040\000d\000e\000\040\000c\000o\000m\000b\000u\000s\000t\000i\000b\000l\000e}{section.5.2}% 58
\BOOKMARK [2][-]{subsection.5.2.3}{\376\377\000F\000i\000n\000\040\000d\000e\000\040\000m\000i\000s\000i\000\363\000n}{section.5.2}% 59
\BOOKMARK [0][-]{chapter.6}{\376\377\000S\000u\000b\000s\000i\000s\000t\000e\000m\000a\000s}{}% 60
\BOOKMARK [1][-]{section.6.1}{\376\377\000E\000s\000t\000r\000u\000c\000t\000u\000r\000a}{chapter.6}% 61
\BOOKMARK [1][-]{section.6.2}{\376\377\000C\000o\000n\000t\000r\000o\000l\000\040\000d\000e\000\040\000A\000c\000t\000i\000t\000u\000d}{chapter.6}% 62
\BOOKMARK [1][-]{section.6.3}{\376\377\000C\000o\000m\000u\000n\000i\000c\000a\000c\000i\000o\000n\000e\000s}{chapter.6}% 63
\BOOKMARK [1][-]{section.6.4}{\376\377\000S\000u\000b\000s\000i\000s\000t\000e\000m\000a\000\040\000e\000l\000\351\000c\000t\000r\000i\000c\000o}{chapter.6}% 64
\BOOKMARK [1][-]{section.6.5}{\376\377\000D\000i\000m\000e\000n\000s\000i\000o\000n\000a\000d\000o\000\040\000d\000e\000\040\000l\000a\000\040\000p\000l\000a\000n\000t\000a\000\040\000d\000e\000\040\000p\000o\000t\000e\000n\000c\000i\000a}{chapter.6}% 65
\BOOKMARK [2][-]{subsection.6.5.1}{\376\377\000O\000t\000r\000o\000s\000\040\000s\000u\000b\000s\000i\000s\000t\000e\000m\000a\000s\000\040\000a\000d\000i\000c\000i\000o\000n\000a\000l\000e\000s}{section.6.5}% 66
\BOOKMARK [0][-]{chapter.7}{\376\377\000L\000a\000n\000z\000a\000d\000o\000r\000e\000s}{}% 67
\BOOKMARK [1][-]{section.7.1}{\376\377\000L\000a\000n\000z\000a\000d\000o\000r\000e\000s\000\040\000O\000p\000e\000r\000a\000t\000i\000v\000o\000s}{chapter.7}% 68
\BOOKMARK [2][-]{subsection.7.1.1}{\376\377\000F\000a\000l\000c\000o\000n\000\040\0009}{section.7.1}% 69
\BOOKMARK [2][-]{subsection.7.1.2}{\376\377\000F\000i\000r\000e\000f\000l\000y\000\040\000A\000l\000p\000h\000a}{section.7.1}% 70
\BOOKMARK [2][-]{subsection.7.1.3}{\376\377\000V\000u\000l\000c\000a\000n\000\040\000C\000e\000n\000t\000a\000u\000r}{section.7.1}% 71
\BOOKMARK [2][-]{subsection.7.1.4}{\376\377\000E\000l\000e\000c\000t\000r\000o\000n}{section.7.1}% 72
\BOOKMARK [2][-]{subsection.7.1.5}{\376\377\000A\000r\000i\000a\000n\000e\000\040\0006}{section.7.1}% 73
\BOOKMARK [2][-]{subsection.7.1.6}{\376\377\000V\000e\000g\000a\000-\000C}{section.7.1}% 74
\BOOKMARK [1][-]{section.7.2}{\376\377\000B\000a\000s\000e\000s\000\040\000d\000e\000\040\000l\000a\000n\000z\000a\000m\000i\000e\000n\000t\000o\000\040\000y\000\040\000a\000z\000i\000m\000u\000t\000s\000\040\000p\000o\000s\000i\000b\000l\000e\000s}{chapter.7}% 75
\BOOKMARK [2][-]{subsection.7.2.1}{\376\377\000V\000a\000n\000d\000e\000n\000b\000e\000r\000g\000\040\000S\000p\000a\000c\000e\000\040\000F\000o\000r\000c\000e\000\040\000B\000a\000s\000e\000\040\000\050\000C\000a\000l\000i\000f\000o\000r\000n\000i\000a\000,\000\040\000E\000E\000.\000U\000U\000.\000\051}{section.7.2}% 76
\BOOKMARK [2][-]{subsection.7.2.2}{\376\377\000C\000a\000p\000e\000\040\000C\000a\000n\000a\000v\000e\000r\000a\000l\000\040\000S\000p\000a\000c\000e\000\040\000F\000o\000r\000c\000e\000\040\000S\000t\000a\000t\000i\000o\000n\000\040\000\050\000F\000l\000o\000r\000i\000d\000a\000,\000\040\000E\000E\000.\000U\000U\000.\000\051}{section.7.2}% 77
\BOOKMARK [2][-]{subsection.7.2.3}{\376\377\000C\000e\000n\000t\000r\000o\000\040\000E\000s\000p\000a\000c\000i\000a\000l\000\040\000d\000e\000\040\000G\000u\000a\000y\000a\000n\000a\000\040\000\050\000G\000u\000a\000y\000a\000n\000a\000\040\000F\000r\000a\000n\000c\000e\000s\000a\000\051}{section.7.2}% 78
\BOOKMARK [1][-]{section.7.3}{\376\377\000S\000e\000l\000e\000c\000c\000i\000\363\000n\000\040\000F\000i\000n\000a\000l}{chapter.7}% 79
\BOOKMARK [0][-]{chapter.8}{\376\377\000S\000e\000g\000m\000e\000n\000t\000o\000\040\000t\000e\000r\000r\000e\000s\000t\000r\000e}{}% 80
\BOOKMARK [1][-]{section.8.1}{\376\377\000E\000l\000e\000c\000c\000i\000\363\000n\000\040\000d\000e\000l\000\040\000e\000m\000p\000l\000a\000z\000a\000m\000i\000e\000n\000t\000o}{chapter.8}% 81
\BOOKMARK [1][-]{section.8.2}{\376\377\000D\000e\000s\000c\000a\000r\000g\000a\000\040\000d\000e\000\040\000l\000o\000s\000\040\000d\000a\000t\000o\000s\000\040\000g\000e\000n\000e\000r\000a\000d\000o\000s\000.\000\040\000V\000i\000a\000b\000i\000l\000i\000d\000a\000d\000.}{chapter.8}% 82
\BOOKMARK [2][-]{subsection.8.2.1}{\376\377\000V\000e\000l\000o\000c\000i\000d\000a\000d\000\040\000d\000e\000\040\000d\000e\000s\000c\000a\000r\000g\000a}{section.8.2}% 83
\BOOKMARK [2][-]{subsection.8.2.2}{\376\377\000G\000e\000n\000e\000r\000a\000c\000i\000\363\000n\000\040\000d\000e\000\040\000d\000a\000t\000o\000s\000.\000\040\000V\000i\000a\000b\000i\000l\000i\000d\000a\000d\000\040\000d\000e\000\040\000l\000a\000\040\000e\000s\000t\000a\000c\000i\000\363\000n\000.\000\040\000M\000e\000m\000o\000r\000i\000a\000\040\000d\000e\000\040\000a\000\040\000b\000o\000r\000d\000o}{section.8.2}% 84
\BOOKMARK [0][-]{chapter.9}{\376\377\000C\000o\000n\000c\000l\000u\000s\000i\000o\000n\000e\000s}{}% 85
\BOOKMARK [0][-]{chapter.9}{\376\377\000B\000i\000b\000l\000i\000o\000g\000r\000a\000f\000\355\000a}{}% 86
\BOOKMARK [0][-]{chapter*.123}{\376\377\000A\000n\000e\000x\000o\000s}{}% 87
\BOOKMARK [0][-]{appendix.Alph1}{\376\377\000T\000a\000b\000l\000a\000s\000\040\000d\000e\000\040\000d\000a\000t\000o\000s}{}% 88
\BOOKMARK [1][-]{section*.125}{\376\377\000M\000T\000F}{appendix.Alph1}% 89
\BOOKMARK [1][-]{section*.138}{\376\377\000S\000N\000R}{appendix.Alph1}% 90
\BOOKMARK [1][-]{section*.157}{\376\377\000A\000n\000\341\000l\000i\000s\000i\000s\000\040\000d\000e\000\040\000C\000o\000n\000f\000i\000g\000u\000r\000a\000c\000i\000o\000n\000e\000s\000.\000\040\000P\000o\000s\000i\000b\000l\000e\000s\000\040\000s\000o\000l\000u\000c\000i\000o\000n\000e\000s}{appendix.Alph1}% 91
\BOOKMARK [1][-]{section*.158}{\376\377\000R\000e\000s\000u\000l\000t\000a\000d\000o\000\040\000d\000e\000\040\000s\000i\000m\000u\000l\000a\000c\000i\000\363\000n\000\040\000d\000e\000\040\000i\000m\000p\000u\000l\000s\000o\000s\000\040\000n\000e\000c\000e\000s\000a\000r\000i\000o\000s}{appendix.Alph1}% 92
\BOOKMARK [0][-]{appendix.Alph2}{\376\377\000C\000\363\000d\000i\000g\000o\000\040\000M\000A\000T\000L\000A\000B}{}% 93
\BOOKMARK [1][-]{section*.159}{\376\377\000C\000\363\000d\000i\000g\000o\000\040\000m\000a\000e\000s\000t\000r\000o\000.\000\040\000L\000l\000a\000m\000a\000d\000a\000\040\000a\000\040\000l\000a\000s\000\040\000f\000u\000n\000c\000i\000o\000n\000e\000s}{appendix.Alph2}% 94
\BOOKMARK [1][-]{section*.160}{\376\377\000C\000a\000l\000c\000u\000l\000o\000\040\000d\000e\000\040\000l\000a\000\040\000M\000T\000F}{appendix.Alph2}% 95
\BOOKMARK [1][-]{section*.161}{\376\377\000C\000a\000l\000c\000u\000l\000o\000\040\000d\000e\000\040\000l\000a\000\040\000S\000N\000R}{appendix.Alph2}% 96
\BOOKMARK [1][-]{section*.162}{\376\377\000W\000r\000a\000p\000p\000e\000r\000\040\000p\000a\000r\000a\000\040\000e\000l\000\040\000c\000\341\000l\000c\000u\000l\000o\000\040\000d\000e\000l\000\040\000t\000i\000e\000m\000p\000o\000\040\000d\000e\000\040\000r\000e\000v\000i\000s\000i\000t\000a}{appendix.Alph2}% 97
\BOOKMARK [1][-]{section*.163}{\376\377\000D\000e\000t\000e\000r\000m\000i\000n\000a\000c\000i\000\363\000n\000\040\000d\000e\000\040\000m\000\355\000n\000i\000m\000o\000s\000.\000\040\000H\000\040\000v\000s\000\040\000D\000m\000i\000n}{appendix.Alph2}% 98
\BOOKMARK [1][-]{section*.164}{\376\377\000C\000\341\000l\000c\000u\000l\000o\000\040\000d\000e\000\040\000m\000a\000s\000a\000\040\000s\000e\000c\000a}{appendix.Alph2}% 99
\BOOKMARK [1][-]{section*.165}{\376\377\000C\000a\000l\000c\000u\000l\000o\000\040\000d\000e\000\040\000m\000a\000s\000a\000\040\000t\000o\000t\000a\000l}{appendix.Alph2}% 100
\BOOKMARK [1][-]{section*.166}{\376\377\000A\000n\000\341\000l\000i\000s\000i\000s\000\040\000d\000e\000\040\000c\000o\000n\000f\000i\000g\000u\000r\000a\000c\000i\000o\000n\000e\000s}{appendix.Alph2}% 101
\BOOKMARK [1][-]{section*.167}{\376\377\000G\000e\000n\000e\000r\000a\000c\000i\000\363\000n\000\040\000d\000e\000\040\000g\000r\000\341\000f\000i\000c\000a\000s\000\040\000d\000e\000\040\000m\000a\000s\000a}{appendix.Alph2}% 102
\BOOKMARK [1][-]{section*.168}{\376\377\000A\000n\000\341\000l\000i\000s\000i\000s\000\040\000d\000e\000\040\000c\000o\000n\000t\000a\000c\000t\000o\000s\000\040\000c\000o\000n\000\040\000l\000a\000\040\000e\000s\000t\000a\000c\000i\000\363\000n\000\040\000d\000e\000\040\000F\000a\000i\000r\000b\000a\000n\000k\000s\000.\000\040\000P\000r\000e\000s\000u\000p\000u\000e\000s\000t\000o\000\040\000d\000e\000\040\000m\000e\000m\000o\000r\000i\000a}{appendix.Alph2}% 103
\BOOKMARK [1][-]{section*.169}{\376\377\000D\000\355\000a\000s\000\040\000e\000n\000\040\000o\000r\000b\000i\000t\000a\000\040\000v\000s\000\040\000a\000l\000t\000i\000t\000u\000d}{appendix.Alph2}% 104
\BOOKMARK [1][-]{section*.170}{\376\377\000M\000o\000d\000e\000l\000o\000\040\000d\000e\000o\000r\000b\000i\000t\000a\000c\000i\000o\000n\000.\000\040\000F\000i\000n\000\040\000d\000e\000\040\000m\000i\000s\000i\000\363\000n}{appendix.Alph2}% 105
\BOOKMARK [1][-]{section*.171}{\376\377\000A\000z\000i\000m\000u\000t\000\040\000d\000e\000\040\000l\000a\000n\000z\000a\000m\000i\000e\000n\000t\000o}{appendix.Alph2}% 106
\BOOKMARK [1][-]{section*.172}{\376\377\000S\000i\000m\000u\000l\000a\000c\000i\000\363\000n\000\040\000d\000e\000\040\000p\000u\000e\000s\000t\000a\000\040\000e\000n\000\040\000o\000r\000b\000i\000t\000a\000\040\000d\000e\000\040\000t\000r\000a\000n\000s\000f\000e\000r\000e\000n\000c\000i\000a}{appendix.Alph2}% 107
\BOOKMARK [1][-]{section*.173}{\376\377\000R\000e\000p\000r\000e\000s\000e\000n\000t\000a\000c\000i\000\363\000n\000\040\000G\000r\000\341\000f\000i\000c\000a\000\040\000d\000e\000\040\000l\000a\000s\000\040\000b\000a\000n\000d\000a\000s\000\040\000e\000n\000\040\000e\000l\000\040\000e\000s\000p\000e\000c\000t\000r\000o\000\040\000e\000l\000e\000c\000t\000r\000o\000m\000a\000g\000n\000\351\000t\000i\000c\000o\000.}{appendix.Alph2}% 108
\BOOKMARK [1][-]{section*.174}{\376\377\000M\000o\000d\000e\000l\000a\000d\000o\000\040\000d\000e\000\040\000a\000t\000e\000n\000u\000a\000c\000i\000\363\000n\000\040\000d\000e\000\040\000i\000n\000c\000l\000e\000m\000e\000n\000c\000i\000a\000s\000\040\000m\000e\000t\000e\000o\000r\000o\000l\000\363\000g\000i\000c\000a\000s}{appendix.Alph2}% 109
